<?xml version="1.0" encoding="UTF-8"?>
<!-- Generated by org.testng.reporters.JUnitReportReporter -->
<testsuite skipped="0" hostname="DESKTOP-VE77QOO" name="testscript.t1Test" tests="1" failures="0" timestamp="2023-01-16T17:03:37 IST" time="0.047" errors="0">
  <testcase name="Hi" time="0.047" classname="testscript.t1Test"/>
  <system-out/>
</testsuite> <!-- testscript.t1Test -->
