<?xml version="1.0" encoding="UTF-8"?>
<!-- Generated by org.testng.reporters.JUnitReportReporter -->
<testsuite skipped="0" hostname="DESKTOP-VE77QOO" name="testscript.ModifyTest" tests="1" failures="0" timestamp="2023-01-18T11:42:35 IST" time="0.002" errors="0">
  <testcase name="test1" time="0.002" classname="testscript.ModifyTest"/>
  <system-out/>
</testsuite> <!-- testscript.ModifyTest -->
